TOKEN: LPAREN    LEXEME: (
TOKEN: LPAREN    LEXEME: (
TOKEN: ADD       LEXEME: +
ARITH_OP -> +
BIN_OP -> ARITH_OP
TOKEN: INTCONST  LEXEME: 5
CONST -> INTCONST
EXPR -> CONST
TOKEN: INTCONST  LEXEME: -14
CONST -> INTCONST
EXPR -> CONST
ARITHLOGIC_EXPR -> BIN_OP EXPR EXPR
PARENTHESIZED_EXPR -> ARITHLOGIC_EXPR
TOKEN: RPAREN    LEXEME: )
EXPR -> ( PARENTHESIZED_EXPR )
TOKEN: LPAREN    LEXEME: (
TOKEN: LETSTAR   LEXEME: let*
TOKEN: LPAREN    LEXEME: (
ID_EXPR_LIST -> epsilon
TOKEN: LPAREN    LEXEME: (
TOKEN: IDENT     LEXEME: red
TOKEN: T         LEXEME: t
CONST -> t
EXPR -> CONST
TOKEN: RPAREN    LEXEME: )
ID_EXPR_LIST -> ID_EXPR_LIST ( IDENT EXPR )
TOKEN: LPAREN    LEXEME: (
TOKEN: IDENT     LEXEME: black
TOKEN: NIL       LEXEME: nil
CONST -> nil
EXPR -> CONST
TOKEN: RPAREN    LEXEME: )
ID_EXPR_LIST -> ID_EXPR_LIST ( IDENT EXPR )
TOKEN: LPAREN    LEXEME: (
TOKEN: IDENT     LEXEME: white
TOKEN: LPAREN    LEXEME: (
TOKEN: NOT       LEXEME: not
UN_OP -> not
TOKEN: LPAREN    LEXEME: (
TOKEN: AND       LEXEME: and
LOG_OP -> and
BIN_OP -> LOG_OP
TOKEN: IDENT     LEXEME: red
EXPR -> IDENT
TOKEN: IDENT     LEXEME: black
EXPR -> IDENT
ARITHLOGIC_EXPR -> BIN_OP EXPR EXPR
PARENTHESIZED_EXPR -> ARITHLOGIC_EXPR
TOKEN: RPAREN    LEXEME: )
EXPR -> ( PARENTHESIZED_EXPR )
ARITHLOGIC_EXPR -> UN_OP EXPR
PARENTHESIZED_EXPR -> ARITHLOGIC_EXPR
TOKEN: RPAREN    LEXEME: )
EXPR -> ( PARENTHESIZED_EXPR )
TOKEN: RPAREN    LEXEME: )
ID_EXPR_LIST -> ID_EXPR_LIST ( IDENT EXPR )
TOKEN: LPAREN    LEXEME: (
TOKEN: IDENT     LEXEME: x
TOKEN: LPAREN    LEXEME: (
TOKEN: DIV       LEXEME: /
ARITH_OP -> /
BIN_OP -> ARITH_OP
TOKEN: IDENT     LEXEME: marmaduke
EXPR -> IDENT
TOKEN: INTCONST  LEXEME: 0
CONST -> INTCONST
EXPR -> CONST
ARITHLOGIC_EXPR -> BIN_OP EXPR EXPR
PARENTHESIZED_EXPR -> ARITHLOGIC_EXPR
TOKEN: RPAREN    LEXEME: )
EXPR -> ( PARENTHESIZED_EXPR )
TOKEN: RPAREN    LEXEME: )
ID_EXPR_LIST -> ID_EXPR_LIST ( IDENT EXPR )
TOKEN: LPAREN    LEXEME: (
TOKEN: IDENT     LEXEME: y
TOKEN: LPAREN    LEXEME: (
TOKEN: OR        LEXEME: or
LOG_OP -> or
BIN_OP -> LOG_OP
TOKEN: LPAREN    LEXEME: (
TOKEN: GT        LEXEME: >
REL_OP -> >
BIN_OP -> REL_OP
TOKEN: IDENT     LEXEME: x
EXPR -> IDENT
TOKEN: IDENT     LEXEME: y
EXPR -> IDENT
ARITHLOGIC_EXPR -> BIN_OP EXPR EXPR
PARENTHESIZED_EXPR -> ARITHLOGIC_EXPR
TOKEN: RPAREN    LEXEME: )
EXPR -> ( PARENTHESIZED_EXPR )
TOKEN: LPAREN    LEXEME: (
TOKEN: EQ        LEXEME: =
REL_OP -> =
BIN_OP -> REL_OP
TOKEN: IDENT     LEXEME: x
EXPR -> IDENT
TOKEN: INTCONST  LEXEME: 50
CONST -> INTCONST
EXPR -> CONST
ARITHLOGIC_EXPR -> BIN_OP EXPR EXPR
PARENTHESIZED_EXPR -> ARITHLOGIC_EXPR
TOKEN: RPAREN    LEXEME: )
EXPR -> ( PARENTHESIZED_EXPR )
ARITHLOGIC_EXPR -> BIN_OP EXPR EXPR
PARENTHESIZED_EXPR -> ARITHLOGIC_EXPR
TOKEN: RPAREN    LEXEME: )
EXPR -> ( PARENTHESIZED_EXPR )
TOKEN: RPAREN    LEXEME: )
ID_EXPR_LIST -> ID_EXPR_LIST ( IDENT EXPR )
TOKEN: LPAREN    LEXEME: (
TOKEN: IDENT     LEXEME: z
TOKEN: LPAREN    LEXEME: (
TOKEN: AND       LEXEME: and
LOG_OP -> and
BIN_OP -> LOG_OP
TOKEN: LPAREN    LEXEME: (
TOKEN: NE        LEXEME: /=
REL_OP -> /=
BIN_OP -> REL_OP
TOKEN: IDENT     LEXEME: x
EXPR -> IDENT
TOKEN: INTCONST  LEXEME: 100
CONST -> INTCONST
EXPR -> CONST
ARITHLOGIC_EXPR -> BIN_OP EXPR EXPR
PARENTHESIZED_EXPR -> ARITHLOGIC_EXPR
TOKEN: RPAREN    LEXEME: )
EXPR -> ( PARENTHESIZED_EXPR )
TOKEN: LPAREN    LEXEME: (
TOKEN: LT        LEXEME: <
REL_OP -> <
BIN_OP -> REL_OP
TOKEN: IDENT     LEXEME: y
EXPR -> IDENT
TOKEN: STRCONST  LEXEME: "X"
CONST -> STRCONST
EXPR -> CONST
ARITHLOGIC_EXPR -> BIN_OP EXPR EXPR
PARENTHESIZED_EXPR -> ARITHLOGIC_EXPR
TOKEN: RPAREN    LEXEME: )
EXPR -> ( PARENTHESIZED_EXPR )
ARITHLOGIC_EXPR -> BIN_OP EXPR EXPR
PARENTHESIZED_EXPR -> ARITHLOGIC_EXPR
TOKEN: RPAREN    LEXEME: )
EXPR -> ( PARENTHESIZED_EXPR )
TOKEN: RPAREN    LEXEME: )
ID_EXPR_LIST -> ID_EXPR_LIST ( IDENT EXPR )
TOKEN: LPAREN    LEXEME: (
TOKEN: IDENT     LEXEME: greeting
TOKEN: STRCONST  LEXEME: "hello kitty!"
CONST -> STRCONST
EXPR -> CONST
TOKEN: RPAREN    LEXEME: )
ID_EXPR_LIST -> ID_EXPR_LIST ( IDENT EXPR )
TOKEN: LPAREN    LEXEME: (
TOKEN: IDENT     LEXEME: fluffy1
TOKEN: LPAREN    LEXEME: (
TOKEN: LAMBDA    LEXEME: lambda
TOKEN: LPAREN    LEXEME: (
ID_LIST -> epsilon
TOKEN: IDENT     LEXEME: a
ID_LIST -> ID_LIST IDENT
TOKEN: IDENT     LEXEME: b
ID_LIST -> ID_LIST IDENT
TOKEN: RPAREN    LEXEME: )
TOKEN: LPAREN    LEXEME: (
TOKEN: MULT      LEXEME: *
ARITH_OP -> *
BIN_OP -> ARITH_OP
TOKEN: IDENT     LEXEME: a
EXPR -> IDENT
TOKEN: INTCONST  LEXEME: 100
CONST -> INTCONST
EXPR -> CONST
ARITHLOGIC_EXPR -> BIN_OP EXPR EXPR
PARENTHESIZED_EXPR -> ARITHLOGIC_EXPR
TOKEN: RPAREN    LEXEME: )
EXPR -> ( PARENTHESIZED_EXPR )
LAMBDA_EXPR -> lambda ( ID_LIST ) EXPR
PARENTHESIZED_EXPR -> LAMBDA_EXPR
TOKEN: RPAREN    LEXEME: )
EXPR -> ( PARENTHESIZED_EXPR )
TOKEN: RPAREN    LEXEME: )
ID_EXPR_LIST -> ID_EXPR_LIST ( IDENT EXPR )
TOKEN: RPAREN    LEXEME: )
TOKEN: LPAREN    LEXEME: (
TOKEN: IF        LEXEME: if
TOKEN: LPAREN    LEXEME: (
TOKEN: OR        LEXEME: or
LOG_OP -> or
BIN_OP -> LOG_OP
TOKEN: LPAREN    LEXEME: (
TOKEN: GE        LEXEME: >=
REL_OP -> >=
BIN_OP -> REL_OP
TOKEN: LPAREN    LEXEME: (
TOKEN: IDENT     LEXEME: scooby
EXPR -> IDENT
TOKEN: IDENT     LEXEME: doo
EXPR -> IDENT
TOKEN: RPAREN    LEXEME: )
EXPR_LIST -> EXPR
EXPR_LIST -> EXPR EXPR_LIST
PARENTHESIZED_EXPR -> EXPR_LIST
EXPR -> ( PARENTHESIZED_EXPR )
TOKEN: INTCONST  LEXEME: -314
CONST -> INTCONST
EXPR -> CONST
ARITHLOGIC_EXPR -> BIN_OP EXPR EXPR
PARENTHESIZED_EXPR -> ARITHLOGIC_EXPR
TOKEN: RPAREN    LEXEME: )
EXPR -> ( PARENTHESIZED_EXPR )
TOKEN: IDENT     LEXEME: white
EXPR -> IDENT
ARITHLOGIC_EXPR -> BIN_OP EXPR EXPR
PARENTHESIZED_EXPR -> ARITHLOGIC_EXPR
TOKEN: RPAREN    LEXEME: )
EXPR -> ( PARENTHESIZED_EXPR )
TOKEN: IDENT     LEXEME: bark
EXPR -> IDENT
TOKEN: STRCONST  LEXEME: "meow"
CONST -> STRCONST
EXPR -> CONST
IF_EXPR -> if EXPR EXPR EXPR
PARENTHESIZED_EXPR -> IF_EXPR
TOKEN: RPAREN    LEXEME: )
EXPR -> ( PARENTHESIZED_EXPR )
LET_EXPR -> let* ( ID_EXPR_LIST ) EXPR
PARENTHESIZED_EXPR -> LET_EXPR
TOKEN: RPAREN    LEXEME: )
EXPR -> ( PARENTHESIZED_EXPR )
TOKEN: LPAREN    LEXEME: (
TOKEN: PRINT     LEXEME: print
TOKEN: LPAREN    LEXEME: (
TOKEN: SUB       LEXEME: -
ARITH_OP -> -
BIN_OP -> ARITH_OP
TOKEN: LPAREN    LEXEME: (
TOKEN: INPUT     LEXEME: input
INPUT_EXPR -> input
PARENTHESIZED_EXPR -> INPUT_EXPR
TOKEN: RPAREN    LEXEME: )
EXPR -> ( PARENTHESIZED_EXPR )
TOKEN: IDENT     LEXEME: I_am_the_walrus
EXPR -> IDENT
ARITHLOGIC_EXPR -> BIN_OP EXPR EXPR
PARENTHESIZED_EXPR -> ARITHLOGIC_EXPR
TOKEN: RPAREN    LEXEME: )
EXPR -> ( PARENTHESIZED_EXPR )
PRINT_EXPR -> print EXPR
PARENTHESIZED_EXPR -> PRINT_EXPR
TOKEN: RPAREN    LEXEME: )
EXPR -> ( PARENTHESIZED_EXPR )
TOKEN: LPAREN    LEXEME: (
TOKEN: IF        LEXEME: if
TOKEN: LPAREN    LEXEME: (
TOKEN: LE        LEXEME: <=
REL_OP -> <=
BIN_OP -> REL_OP
TOKEN: STRCONST  LEXEME: "1234"
CONST -> STRCONST
EXPR -> CONST
TOKEN: INTCONST  LEXEME: 1234
CONST -> INTCONST
EXPR -> CONST
ARITHLOGIC_EXPR -> BIN_OP EXPR EXPR
PARENTHESIZED_EXPR -> ARITHLOGIC_EXPR
TOKEN: RPAREN    LEXEME: )
EXPR -> ( PARENTHESIZED_EXPR )
TOKEN: T         LEXEME: t
CONST -> t
EXPR -> CONST
TOKEN: NIL       LEXEME: nil
CONST -> nil
EXPR -> CONST
IF_EXPR -> if EXPR EXPR EXPR
PARENTHESIZED_EXPR -> IF_EXPR
TOKEN: RPAREN    LEXEME: )
EXPR -> ( PARENTHESIZED_EXPR )
TOKEN: LPAREN    LEXEME: (
TOKEN: IDENT     LEXEME: yu_shiang_kitty_paws
EXPR -> IDENT
TOKEN: IDENT     LEXEME: was
EXPR -> IDENT
TOKEN: IDENT     LEXEME: here
EXPR -> IDENT
TOKEN: RPAREN    LEXEME: )
EXPR_LIST -> EXPR
EXPR_LIST -> EXPR EXPR_LIST
EXPR_LIST -> EXPR EXPR_LIST
PARENTHESIZED_EXPR -> EXPR_LIST
EXPR -> ( PARENTHESIZED_EXPR )
TOKEN: RPAREN    LEXEME: )
EXPR_LIST -> EXPR
EXPR_LIST -> EXPR EXPR_LIST
EXPR_LIST -> EXPR EXPR_LIST
EXPR_LIST -> EXPR EXPR_LIST
EXPR_LIST -> EXPR EXPR_LIST
PARENTHESIZED_EXPR -> EXPR_LIST
EXPR -> ( PARENTHESIZED_EXPR )
START -> EXPR

---- Completed parsing ----

