TOKEN: LPAREN    LEXEME: (
TOKEN: LETSTAR   LEXEME: let*

___Entering new scope...

TOKEN: LPAREN    LEXEME: (
ID_EXPR_LIST -> epsilon
TOKEN: LPAREN    LEXEME: (
TOKEN: IDENT     LEXEME: x
TOKEN: INTCONST  LEXEME: 5
CONST -> INTCONST
EXPR -> CONST
TOKEN: RPAREN    LEXEME: )
ID_EXPR_LIST -> ID_EXPR_LIST ( IDENT EXPR )
___Adding x to symbol table
TOKEN: LPAREN    LEXEME: (
TOKEN: IDENT     LEXEME: y
TOKEN: STRCONST  LEXEME: "hello"
CONST -> STRCONST
EXPR -> CONST
TOKEN: RPAREN    LEXEME: )
ID_EXPR_LIST -> ID_EXPR_LIST ( IDENT EXPR )
___Adding y to symbol table
TOKEN: LPAREN    LEXEME: (
TOKEN: IDENT     LEXEME: x
TOKEN: INTCONST  LEXEME: 1
CONST -> INTCONST
EXPR -> CONST
TOKEN: RPAREN    LEXEME: )
ID_EXPR_LIST -> ID_EXPR_LIST ( IDENT EXPR )
___Adding x to symbol table
Line 3: Multiply defined identifier
