TOKEN: LPAREN    LEXEME: (
TOKEN: LETSTAR   LEXEME: let*

___Entering new scope...

TOKEN: LPAREN    LEXEME: (
ID_EXPR_LIST -> epsilon
TOKEN: LPAREN    LEXEME: (
TOKEN: IDENT     LEXEME: x
TOKEN: INTCONST  LEXEME: 5
CONST -> INTCONST
EXPR -> CONST
TOKEN: RPAREN    LEXEME: )
ID_EXPR_LIST -> ID_EXPR_LIST ( IDENT EXPR )
___Adding x to symbol table
TOKEN: LPAREN    LEXEME: (
TOKEN: IDENT     LEXEME: f1
TOKEN: LPAREN    LEXEME: (
TOKEN: LAMBDA    LEXEME: lambda

___Entering new scope...

TOKEN: LPAREN    LEXEME: (
ID_LIST -> epsilon
TOKEN: IDENT     LEXEME: a
ID_LIST -> ID_LIST IDENT
___Adding a to symbol table
TOKEN: RPAREN    LEXEME: )
TOKEN: LPAREN    LEXEME: (
TOKEN: LETSTAR   LEXEME: let*

___Entering new scope...

TOKEN: LPAREN    LEXEME: (
ID_EXPR_LIST -> epsilon
TOKEN: LPAREN    LEXEME: (
TOKEN: IDENT     LEXEME: y
TOKEN: LPAREN    LEXEME: (
TOKEN: ADD       LEXEME: +
ARITH_OP -> +
BIN_OP -> ARITH_OP
TOKEN: IDENT     LEXEME: a
EXPR -> IDENT
TOKEN: IDENT     LEXEME: x
EXPR -> IDENT
ARITHLOGIC_EXPR -> BIN_OP EXPR EXPR
PARENTHESIZED_EXPR -> ARITHLOGIC_EXPR
TOKEN: RPAREN    LEXEME: )
EXPR -> ( PARENTHESIZED_EXPR )
TOKEN: RPAREN    LEXEME: )
ID_EXPR_LIST -> ID_EXPR_LIST ( IDENT EXPR )
___Adding y to symbol table
TOKEN: LPAREN    LEXEME: (
TOKEN: IDENT     LEXEME: f2
TOKEN: LPAREN    LEXEME: (
TOKEN: LAMBDA    LEXEME: lambda

___Entering new scope...

TOKEN: LPAREN    LEXEME: (
ID_LIST -> epsilon
TOKEN: IDENT     LEXEME: a
ID_LIST -> ID_LIST IDENT
___Adding a to symbol table
TOKEN: IDENT     LEXEME: b
ID_LIST -> ID_LIST IDENT
___Adding b to symbol table
TOKEN: RPAREN    LEXEME: )
TOKEN: LPAREN    LEXEME: (
TOKEN: LETSTAR   LEXEME: let*

___Entering new scope...

TOKEN: LPAREN    LEXEME: (
ID_EXPR_LIST -> epsilon
TOKEN: LPAREN    LEXEME: (
TOKEN: IDENT     LEXEME: z
TOKEN: IDENT     LEXEME: x
EXPR -> IDENT
TOKEN: RPAREN    LEXEME: )
ID_EXPR_LIST -> ID_EXPR_LIST ( IDENT EXPR )
___Adding z to symbol table
TOKEN: RPAREN    LEXEME: )
TOKEN: LPAREN    LEXEME: (
TOKEN: PRINT     LEXEME: print
TOKEN: LPAREN    LEXEME: (
TOKEN: MULT      LEXEME: *
ARITH_OP -> *
BIN_OP -> ARITH_OP
TOKEN: IDENT     LEXEME: b
EXPR -> IDENT
TOKEN: LPAREN    LEXEME: (
TOKEN: SUB       LEXEME: -
ARITH_OP -> -
BIN_OP -> ARITH_OP
TOKEN: IDENT     LEXEME: a
EXPR -> IDENT
TOKEN: IDENT     LEXEME: z
EXPR -> IDENT
ARITHLOGIC_EXPR -> BIN_OP EXPR EXPR
PARENTHESIZED_EXPR -> ARITHLOGIC_EXPR
TOKEN: RPAREN    LEXEME: )
EXPR -> ( PARENTHESIZED_EXPR )
ARITHLOGIC_EXPR -> BIN_OP EXPR EXPR
PARENTHESIZED_EXPR -> ARITHLOGIC_EXPR
TOKEN: RPAREN    LEXEME: )
EXPR -> ( PARENTHESIZED_EXPR )
PRINT_EXPR -> print EXPR
PARENTHESIZED_EXPR -> PRINT_EXPR
TOKEN: RPAREN    LEXEME: )
EXPR -> ( PARENTHESIZED_EXPR )
LET_EXPR -> let* ( ID_EXPR_LIST ) EXPR

___Exiting scope...

PARENTHESIZED_EXPR -> LET_EXPR
TOKEN: RPAREN    LEXEME: )
EXPR -> ( PARENTHESIZED_EXPR )
LAMBDA_EXPR -> lambda ( ID_LIST ) EXPR

___Exiting scope...

PARENTHESIZED_EXPR -> LAMBDA_EXPR
TOKEN: RPAREN    LEXEME: )
EXPR -> ( PARENTHESIZED_EXPR )
TOKEN: RPAREN    LEXEME: )
ID_EXPR_LIST -> ID_EXPR_LIST ( IDENT EXPR )
___Adding f2 to symbol table
TOKEN: RPAREN    LEXEME: )
TOKEN: LPAREN    LEXEME: (
TOKEN: IDENT     LEXEME: f2
EXPR -> IDENT
TOKEN: INTCONST  LEXEME: -100
CONST -> INTCONST
EXPR -> CONST
TOKEN: IDENT     LEXEME: a
EXPR -> IDENT
TOKEN: RPAREN    LEXEME: )
EXPR_LIST -> EXPR
EXPR_LIST -> EXPR EXPR_LIST
EXPR_LIST -> EXPR EXPR_LIST
PARENTHESIZED_EXPR -> EXPR_LIST
EXPR -> ( PARENTHESIZED_EXPR )
LET_EXPR -> let* ( ID_EXPR_LIST ) EXPR

___Exiting scope...

PARENTHESIZED_EXPR -> LET_EXPR
TOKEN: RPAREN    LEXEME: )
EXPR -> ( PARENTHESIZED_EXPR )
LAMBDA_EXPR -> lambda ( ID_LIST ) EXPR

___Exiting scope...

PARENTHESIZED_EXPR -> LAMBDA_EXPR
TOKEN: RPAREN    LEXEME: )
EXPR -> ( PARENTHESIZED_EXPR )
TOKEN: RPAREN    LEXEME: )
ID_EXPR_LIST -> ID_EXPR_LIST ( IDENT EXPR )
___Adding f1 to symbol table
TOKEN: LPAREN    LEXEME: (
TOKEN: IDENT     LEXEME: y
TOKEN: INTCONST  LEXEME: 50
CONST -> INTCONST
EXPR -> CONST
TOKEN: RPAREN    LEXEME: )
ID_EXPR_LIST -> ID_EXPR_LIST ( IDENT EXPR )
___Adding y to symbol table
TOKEN: RPAREN    LEXEME: )
TOKEN: LPAREN    LEXEME: (
TOKEN: IF        LEXEME: if
TOKEN: LPAREN    LEXEME: (
TOKEN: IDENT     LEXEME: f1
EXPR -> IDENT
TOKEN: IDENT     LEXEME: x
EXPR -> IDENT
TOKEN: RPAREN    LEXEME: )
EXPR_LIST -> EXPR
EXPR_LIST -> EXPR EXPR_LIST
PARENTHESIZED_EXPR -> EXPR_LIST
EXPR -> ( PARENTHESIZED_EXPR )
TOKEN: IDENT     LEXEME: y
EXPR -> IDENT
TOKEN: INTCONST  LEXEME: 2
CONST -> INTCONST
EXPR -> CONST
IF_EXPR -> if EXPR EXPR EXPR
PARENTHESIZED_EXPR -> IF_EXPR
TOKEN: RPAREN    LEXEME: )
EXPR -> ( PARENTHESIZED_EXPR )
LET_EXPR -> let* ( ID_EXPR_LIST ) EXPR

___Exiting scope...

PARENTHESIZED_EXPR -> LET_EXPR
TOKEN: RPAREN    LEXEME: )
EXPR -> ( PARENTHESIZED_EXPR )
START -> EXPR

---- Completed parsing ----

